456/app/build/outputs/logs/manifest-merger-debug-report.txt
-- Merging decision tree log ---
manifest
ADDED from src/main/AndroidManifest.xml:17:1-160:12
	package
		ADDED from src/main/AndroidManifest.xml:18:11-52
		INJECTED from src/main/AndroidManifest.xml
		INJECTED from src/main/AndroidManifest.xml
	android:versionName
		ADDED from src/main/AndroidManifest.xml:19:11-38
		INJECTED from src/main/AndroidManifest.xml
		INJECTED from src/main/AndroidManifest.xml
	android:versionCode
		ADDED from src/main/AndroidManifest.xml:20:11-36
		INJECTED from src/main/AndroidManifest.xml
		INJECTED from src/main/AndroidManifest.xml
	xmlns:android
		ADDED from src/main/AndroidManifest.xml:17:11-69
	android:installLocation
		ADDED from src/main/AndroidManifest.xml:21:11-41
uses-permission#android.permission.CAMERA
ADDED from src/main/AndroidManifest.xml:23:3-62
	android:name
		ADDED from src/main/AndroidManifest.xml:23:20-60
uses-permission#android.permission.INTERNET
ADDED from src/main/AndroidManifest.xml:24:3-64
	android:name
		ADDED from src/main/AndroidManifest.xml:24:20-62
uses-permission#android.permission.VIBRATE
ADDED from src/main/AndroidManifest.xml:25:3-63
	android:name
		ADDED from src/main/AndroidManifest.xml:25:20-61
uses-permission#android.permission.FLASHLIGHT
ADDED from src/main/AndroidManifest.xml:26:3-66
	android:name
		ADDED from src/main/AndroidManifest.xml:26:20-64
uses-permission#android.permission.READ_CONTACTS
ADDED from src/main/AndroidManifest.xml:27:3-69
	android:name
		ADDED from src/main/AndroidManifest.xml:27:20-67
uses-permission#com.android.browser.permission.READ_HISTORY_BOOKMARKS
ADDED from src/main/AndroidManifest.xml:29:3-90
	android:name
		ADDED from src/main/AndroidManifest.xml:29:20-88
uses-permission#android.permission.WRITE_EXTERNAL_STORAGE
ADDED from src/main/AndroidManifest.xml:30:3-78
	android:name
		ADDED from src/main/AndroidManifest.xml:30:20-76
uses-permission#android.permission.CHANGE_WIFI_STATE
ADDED from src/main/AndroidManifest.xml:31:3-73
	android:name
		ADDED from src/main/AndroidManifest.xml:31:20-71
uses-permission#android.permission.ACCESS_WIFI_STATE
ADDED from src/main/AndroidManifest.xml:32:3-73
	android:name
		ADDED from src/main/AndroidManifest.xml:32:20-71
uses-sdk
ADDED from src/main/AndroidManifest.xml:34:3-71
	android:targetSdkVersion
		ADDED from src/main/AndroidManifest.xml:34:40-69
		INJECTED from src/main/AndroidManifest.xml
		INJECTED from src/main/AndroidManifest.xml
	android:minSdkVersion
		ADDED from src/main/AndroidManifest.xml:34:13-39
		INJECTED from src/main/AndroidManifest.xml
		INJECTED from src/main/AndroidManifest.xml
uses-feature#android.hardware.camera.any
ADDED from src/main/AndroidManifest.xml:36:3-61
	android:name
		ADDED from src/main/AndroidManifest.xml:36:17-59
uses-feature#android.hardware.camera.autofocus
ADDED from src/main/AndroidManifest.xml:37:3-92
	android:required
		ADDED from src/main/AndroidManifest.xml:37:66-90
	android:name
		ADDED from src/main/AndroidManifest.xml:37:17-65
uses-feature#android.hardware.camera.flash
ADDED from src/main/AndroidManifest.xml:38:3-88
	android:required
		ADDED from src/main/AndroidManifest.xml:38:62-86
	android:name
		ADDED from src/main/AndroidManifest.xml:38:17-61
uses-feature#android.hardware.screen.landscape
ADDED from src/main/AndroidManifest.xml:39:3-67
	android:name
		ADDED from src/main/AndroidManifest.xml:39:17-65
uses-feature#android.hardware.wifi
ADDED from src/main/AndroidManifest.xml:40:3-80
	android:required
		ADDED from src/main/AndroidManifest.xml:40:54-78
	android:name
		ADDED from src/main/AndroidManifest.xml:40:17-53
application
ADDED from src/main/AndroidManifest.xml:42:3-158:17
	android:theme
		ADDED from src/main/AndroidManifest.xml:43:7-42
activity#com.mytool.Login
ADDED from src/main/AndroidManifest.xml:45:7-84:16
	android:name
		ADDED from src/main/AndroidManifest.xml:45:17-48
intent-filter#android.intent.action.MAIN+android.intent.category.LAUNCHER
ADDED from src/main/AndroidManifest.xml:48:5-51:23
action#android.intent.action.MAIN
ADDED from src/main/AndroidManifest.xml:49:9-60
	android:name
		ADDED from src/main/AndroidManifest.xml:49:17-58
category#android.intent.category.LAUNCHER
ADDED from src/main/AndroidManifest.xml:50:9-68
	android:name
		ADDED from src/main/AndroidManifest.xml:50:19-66
intent-filter#android.intent.category.DEFAULT+com.google.zxing.client.android.SCAN
ADDED from src/main/AndroidManifest.xml:52:7-55:23
action#com.google.zxing.client.android.SCAN
ADDED from src/main/AndroidManifest.xml:53:9-70
	android:name
		ADDED from src/main/AndroidManifest.xml:53:17-68
category#android.intent.category.DEFAULT
ADDED from src/main/AndroidManifest.xml:54:9-67
	android:name
		ADDED from src/main/AndroidManifest.xml:54:19-65
intent-filter#android.intent.action.VIEW+android.intent.category.BROWSABLE+android.intent.category.DEFAULT
ADDED from src/main/AndroidManifest.xml:57:7-62:23
action#android.intent.action.VIEW
ADDED from src/main/AndroidManifest.xml:58:9-60
	android:name
		ADDED from src/main/AndroidManifest.xml:58:17-58
category#android.intent.category.BROWSABLE
ADDED from src/main/AndroidManifest.xml:60:9-69
	android:name
		ADDED from src/main/AndroidManifest.xml:60:19-67
data
ADDED from src/main/AndroidManifest.xml:61:9-92
	android:path
		ADDED from src/main/AndroidManifest.xml:61:70-90
	android:host
		ADDED from src/main/AndroidManifest.xml:61:37-69
	android:scheme
		ADDED from src/main/AndroidManifest.xml:61:15-36
activity#com.google.zxing.client.android.PreferencesActivity
ADDED from src/main/AndroidManifest.xml:85:5-87:46
	android:label
		ADDED from src/main/AndroidManifest.xml:86:15-55
	android:stateNotNeeded
		ADDED from src/main/AndroidManifest.xml:87:15-44
	android:name
		ADDED from src/main/AndroidManifest.xml:85:15-50
activity#com.google.zxing.client.android.encode.EncodeActivity
ADDED from src/main/AndroidManifest.xml:88:5-106:16
	android:stateNotNeeded
		ADDED from src/main/AndroidManifest.xml:89:15-44
	android:name
		ADDED from src/main/AndroidManifest.xml:88:15-52
intent-filter#android.intent.category.DEFAULT+com.google.zxing.client.android.ENCODE
ADDED from src/main/AndroidManifest.xml:90:7-93:23
action#com.google.zxing.client.android.ENCODE
ADDED from src/main/AndroidManifest.xml:91:9-72
	android:name
		ADDED from src/main/AndroidManifest.xml:91:17-70
intent-filter#android.intent.action.SEND+android.intent.category.DEFAULT
ADDED from src/main/AndroidManifest.xml:95:7-99:23
action#android.intent.action.SEND
ADDED from src/main/AndroidManifest.xml:96:9-60
	android:name
		ADDED from src/main/AndroidManifest.xml:96:17-58
activity#com.google.zxing.client.android.book.SearchBookContentsActivity
ADDED from src/main/AndroidManifest.xml:107:5-115:16
	android:screenOrientation
		ADDED from src/main/AndroidManifest.xml:110:15-58
	android:label
		ADDED from src/main/AndroidManifest.xml:108:15-47
	android:stateNotNeeded
		ADDED from src/main/AndroidManifest.xml:109:15-44
	android:name
		ADDED from src/main/AndroidManifest.xml:107:15-62
intent-filter#android.intent.category.DEFAULT+com.google.zxing.client.android.SEARCH_BOOK_CONTENTS
ADDED from src/main/AndroidManifest.xml:111:7-114:23
action#com.google.zxing.client.android.SEARCH_BOOK_CONTENTS
ADDED from src/main/AndroidManifest.xml:112:9-86
	android:name
		ADDED from src/main/AndroidManifest.xml:112:17-84
activity#com.google.zxing.client.android.share.ShareActivity
ADDED from src/main/AndroidManifest.xml:116:5-123:16
	android:screenOrientation
		ADDED from src/main/AndroidManifest.xml:118:15-47
	android:stateNotNeeded
		ADDED from src/main/AndroidManifest.xml:117:15-44
	android:name
		ADDED from src/main/AndroidManifest.xml:116:15-50
intent-filter#android.intent.category.DEFAULT+com.google.zxing.client.android.SHARE
ADDED from src/main/AndroidManifest.xml:119:7-122:23
action#com.google.zxing.client.android.SHARE
ADDED from src/main/AndroidManifest.xml:120:9-71
	android:name
		ADDED from src/main/AndroidManifest.xml:120:17-69
activity#com.google.zxing.client.android.history.HistoryActivity
ADDED from src/main/AndroidManifest.xml:124:5-126:46
	android:label
		ADDED from src/main/AndroidManifest.xml:125:15-52
	android:stateNotNeeded
		ADDED from src/main/AndroidManifest.xml:126:15-44
	android:name
		ADDED from src/main/AndroidManifest.xml:124:15-54
activity#com.google.zxing.client.android.share.BookmarkPickerActivity
ADDED from src/main/AndroidManifest.xml:127:5-129:46
	android:label
		ADDED from src/main/AndroidManifest.xml:128:15-59
	android:stateNotNeeded
		ADDED from src/main/AndroidManifest.xml:129:15-44
	android:name
		ADDED from src/main/AndroidManifest.xml:127:15-59
activity#com.google.zxing.client.android.share.AppPickerActivity
ADDED from src/main/AndroidManifest.xml:130:5-132:46
	android:label
		ADDED from src/main/AndroidManifest.xml:131:15-54
	android:stateNotNeeded
		ADDED from src/main/AndroidManifest.xml:132:15-44
	android:name
		ADDED from src/main/AndroidManifest.xml:130:15-54
activity#com.google.zxing.client.android.HelpActivity
ADDED from src/main/AndroidManifest.xml:133:5-136:46
	android:screenOrientation
		ADDED from src/main/AndroidManifest.xml:135:15-47
	android:label
		ADDED from src/main/AndroidManifest.xml:134:15-48
	android:stateNotNeeded
		ADDED from src/main/AndroidManifest.xml:136:15-44
	android:name
		ADDED from src/main/AndroidManifest.xml:133:15-43
activity#com.google.zxing.client.android.CaptureActivity
ADDED from src/main/AndroidManifest.xml:137:5-142:58
	android:clearTaskOnLaunch
		ADDED from src/main/AndroidManifest.xml:139:9-41
	android:screenOrientation
		ADDED from src/main/AndroidManifest.xml:138:9-45
	android:stateNotNeeded
		ADDED from src/main/AndroidManifest.xml:140:9-38
	android:windowSoftInputMode
		ADDED from src/main/AndroidManifest.xml:142:9-56
	android:theme
		ADDED from src/main/AndroidManifest.xml:141:9-44
	android:name
		ADDED from src/main/AndroidManifest.xml:137:15-46
activity#com.text.text1
ADDED from src/main/AndroidManifest.xml:144:5-46
	android:name
		ADDED from src/main/AndroidManifest.xml:144:15-44
activity#com.mytool.My_Profile
ADDED from src/main/AndroidManifest.xml:146:3-51
	android:name
		ADDED from src/main/AndroidManifest.xml:146:13-49
activity#com.my_profile.My_Gender
ADDED from src/main/AndroidManifest.xml:149:5-56
	android:name
		ADDED from src/main/AndroidManifest.xml:149:15-54
activity#com.my_profile.My_Name
ADDED from src/main/AndroidManifest.xml:150:5-54
	android:name
		ADDED from src/main/AndroidManifest.xml:150:15-52
activity#com.my_profile.My_Photo
ADDED from src/main/AndroidManifest.xml:151:5-55
	android:name
		ADDED from src/main/AndroidManifest.xml:151:15-53
activity#com.my_profile.My_QR_Code
ADDED from src/main/AndroidManifest.xml:152:5-57
	android:name
		ADDED from src/main/AndroidManifest.xml:152:15-55
activity#com.my_profile.My_Role
ADDED from src/main/AndroidManifest.xml:153:5-54
	android:name
		ADDED from src/main/AndroidManifest.xml:153:15-52
activity#com.my_profile.My_Phone
ADDED from src/main/AndroidManifest.xml:154:5-55
	android:name
		ADDED from src/main/AndroidManifest.xml:154:15-53
activity#com.mytool.Create_QR_Code
ADDED from src/main/AndroidManifest.xml:156:5-57
	android:name
		ADDED from src/main/AndroidManifest.xml:156:15-55